<?xml version="1.0" encoding="UTF-8"?>
<testsuite xmlns:xsi="http://www.w3.org/2001/XMLSchema-instance" xsi:noNamespaceSchemaLocation="https://maven.apache.org/surefire/maven-surefire-plugin/xsd/surefire-test-report-3.0.xsd" version="3.0" name="org.acme.security.webauthn.test.WebAuthnResourceTest" time="7.524" tests="2" errors="0" skipped="0" failures="0">
  <properties>
[...]
</properties>
  <testcase name="testWebAuthnUser" classname="org.acme.security.webauthn.test.WebAuthnResourceTest" time="1.728">
    <system-out><![CDATA[2023-09-20 15:56:05,864 INFO  [org.tes.doc.DockerClientProviderStrategy] (build-22) Loaded org.testcontainers.dockerclient.UnixSocketClientProviderStrategy from ~/.testcontainers.properties, will try it first
2023-09-20 15:56:06,078 INFO  [org.tes.doc.DockerClientProviderStrategy] (build-22) Found Docker environment with local Unix socket (unix:///var/run/docker.sock)
2023-09-20 15:56:06,079 INFO  [org.tes.DockerClientFactory] (build-22) Docker host IP address is localhost
2023-09-20 15:56:06,092 INFO  [org.tes.DockerClientFactory] (build-22) Connected to docker: 
  Server Version: 24.0.6
  API Version: 1.43
  Operating System: Docker Desktop
  Total Memory: 8944 MB
2023-09-20 15:56:06,099 INFO  [org.tes.uti.ImageNameSubstitutor] (build-22) Image name substitution will be performed by: DefaultImageNameSubstitutor (composite of 'ConfigurationFileImageNameSubstitutor' and 'PrefixingImageNameSubstitutor')
2023-09-20 15:56:06,101 INFO  [org.tes.DockerClientFactory] (build-22) Checking the system...
2023-09-20 15:56:06,101 INFO  [org.tes.DockerClientFactory] (build-22) ✔︎ Docker server version should be at least 1.6.0
2023-09-20 15:56:06,186 INFO  [tc.doc.io/postgres:14] (build-22) Creating container for image: docker.io/postgres:14
2023-09-20 15:56:06,733 INFO  [org.tes.uti.RegistryAuthLocator] (build-22) Credential helper/store (docker-credential-desktop) does not have credentials for docker.io
2023-09-20 15:56:06,741 WARN  [tc.doc.io/postgres:14] (build-22) Reuse was requested but the environment does not support the reuse of containers
To enable reuse of containers, you must set 'testcontainers.reuse.enable=true' in a file located at /Users/enricoconte/.testcontainers.properties
2023-09-20 15:56:06,741 INFO  [tc.tes.5.1] (build-22) Creating container for image: testcontainers/ryuk:0.5.1
2023-09-20 15:56:06,993 INFO  [org.tes.uti.RegistryAuthLocator] (build-22) Credential helper/store (docker-credential-desktop) does not have credentials for https://index.docker.io/v1/
2023-09-20 15:56:07,061 INFO  [tc.tes.5.1] (build-22) Container testcontainers/ryuk:0.5.1 is starting: c23ea50b2508e127c425080ed5fc0481a76bb07b7990ea62be900d0cb9d44ad4
2023-09-20 15:56:07,377 INFO  [tc.tes.5.1] (build-22) Container testcontainers/ryuk:0.5.1 started in PT0.635963S
2023-09-20 15:56:07,413 INFO  [tc.doc.io/postgres:14] (build-22) Container docker.io/postgres:14 is starting: 0e597458fe969bfab1d869b9609376d8f1a3c96ea1c22dae7c378de0b9589f20
2023-09-20 15:56:08,644 INFO  [tc.doc.io/postgres:14] (build-22) Container docker.io/postgres:14 started in PT2.527629S
2023-09-20 15:56:08,645 INFO  [tc.doc.io/postgres:14] (build-22) Container is started (JDBC URL: jdbc:postgresql://localhost:63718/quarkus?loggerLevel=OFF)
2023-09-20 15:56:08,645 INFO  [io.qua.dev.pos.dep.PostgresqlDevServicesProcessor] (build-22) Dev Services for PostgreSQL started.
2023-09-20 15:56:08,646 INFO  [io.qua.dat.dep.dev.DevServicesDatasourceProcessor] (build-22) Dev Services for default datasource (postgresql) started - container ID is 0e597458fe96
2023-09-20 15:56:09,484 INFO  [org.hib.rea.pro.imp.ReactiveIntegrator] (JPA Startup Thread) HR000001: Hibernate Reactive
2023-09-20 15:56:09,869 WARN  [io.ver.sql.imp.SocketConnectionBase] (vert.x-eventloop-thread-0) Backend notice: severity='NOTICE', code='00000', message='relation "webauthncertificate" does not exist, skipping', detail='null', hint='null', position='null', internalPosition='null', internalQuery='null', where='null', file='utility.c', line='1323', routine='ProcessUtilitySlow', schema='null', table='null', column='null', dataType='null', constraint='null'
2023-09-20 15:56:09,871 WARN  [io.ver.sql.imp.SocketConnectionBase] (vert.x-eventloop-thread-0) Backend notice: severity='NOTICE', code='00000', message='relation "webauthncredential" does not exist, skipping', detail='null', hint='null', position='null', internalPosition='null', internalQuery='null', where='null', file='utility.c', line='1323', routine='ProcessUtilitySlow', schema='null', table='null', column='null', dataType='null', constraint='null'
2023-09-20 15:56:09,872 WARN  [io.ver.sql.imp.SocketConnectionBase] (vert.x-eventloop-thread-0) Backend notice: severity='NOTICE', code='00000', message='table "user_table" does not exist, skipping', detail='null', hint='null', position='null', internalPosition='null', internalQuery='null', where='null', file='tablecmds.c', line='1272', routine='DropErrorMsgNonExistent', schema='null', table='null', column='null', dataType='null', constraint='null'
2023-09-20 15:56:09,873 WARN  [io.ver.sql.imp.SocketConnectionBase] (vert.x-eventloop-thread-0) Backend notice: severity='NOTICE', code='00000', message='table "webauthncertificate" does not exist, skipping', detail='null', hint='null', position='null', internalPosition='null', internalQuery='null', where='null', file='tablecmds.c', line='1272', routine='DropErrorMsgNonExistent', schema='null', table='null', column='null', dataType='null', constraint='null'
2023-09-20 15:56:09,875 WARN  [io.ver.sql.imp.SocketConnectionBase] (vert.x-eventloop-thread-0) Backend notice: severity='NOTICE', code='00000', message='table "webauthncredential" does not exist, skipping', detail='null', hint='null', position='null', internalPosition='null', internalQuery='null', where='null', file='tablecmds.c', line='1272', routine='DropErrorMsgNonExistent', schema='null', table='null', column='null', dataType='null', constraint='null'
2023-09-20 15:56:09,876 WARN  [io.ver.sql.imp.SocketConnectionBase] (vert.x-eventloop-thread-0) Backend notice: severity='NOTICE', code='00000', message='sequence "user_table_seq" does not exist, skipping', detail='null', hint='null', position='null', internalPosition='null', internalQuery='null', where='null', file='tablecmds.c', line='1272', routine='DropErrorMsgNonExistent', schema='null', table='null', column='null', dataType='null', constraint='null'
2023-09-20 15:56:09,877 WARN  [io.ver.sql.imp.SocketConnectionBase] (vert.x-eventloop-thread-0) Backend notice: severity='NOTICE', code='00000', message='sequence "webauthncertificate_seq" does not exist, skipping', detail='null', hint='null', position='null', internalPosition='null', internalQuery='null', where='null', file='tablecmds.c', line='1272', routine='DropErrorMsgNonExistent', schema='null', table='null', column='null', dataType='null', constraint='null'
2023-09-20 15:56:09,879 WARN  [io.ver.sql.imp.SocketConnectionBase] (vert.x-eventloop-thread-0) Backend notice: severity='NOTICE', code='00000', message='sequence "webauthncredential_seq" does not exist, skipping', detail='null', hint='null', position='null', internalPosition='null', internalQuery='null', where='null', file='tablecmds.c', line='1272', routine='DropErrorMsgNonExistent', schema='null', table='null', column='null', dataType='null', constraint='null'
2023-09-20 15:56:09,887 WARN  [io.ver.sql.imp.SocketConnectionBase] (vert.x-eventloop-thread-0) Backend notice: severity='NOTICE', code='00000', message='relation "webauthncertificate" does not exist, skipping', detail='null', hint='null', position='null', internalPosition='null', internalQuery='null', where='null', file='utility.c', line='1323', routine='ProcessUtilitySlow', schema='null', table='null', column='null', dataType='null', constraint='null'
2023-09-20 15:56:09,889 WARN  [io.ver.sql.imp.SocketConnectionBase] (vert.x-eventloop-thread-0) Backend notice: severity='NOTICE', code='00000', message='relation "webauthncredential" does not exist, skipping', detail='null', hint='null', position='null', internalPosition='null', internalQuery='null', where='null', file='utility.c', line='1323', routine='ProcessUtilitySlow', schema='null', table='null', column='null', dataType='null', constraint='null'
2023-09-20 15:56:09,890 WARN  [io.ver.sql.imp.SocketConnectionBase] (vert.x-eventloop-thread-0) Backend notice: severity='NOTICE', code='00000', message='table "user_table" does not exist, skipping', detail='null', hint='null', position='null', internalPosition='null', internalQuery='null', where='null', file='tablecmds.c', line='1272', routine='DropErrorMsgNonExistent', schema='null', table='null', column='null', dataType='null', constraint='null'
2023-09-20 15:56:09,891 WARN  [io.ver.sql.imp.SocketConnectionBase] (vert.x-eventloop-thread-0) Backend notice: severity='NOTICE', code='00000', message='table "webauthncertificate" does not exist, skipping', detail='null', hint='null', position='null', internalPosition='null', internalQuery='null', where='null', file='tablecmds.c', line='1272', routine='DropErrorMsgNonExistent', schema='null', table='null', column='null', dataType='null', constraint='null'
2023-09-20 15:56:09,892 WARN  [io.ver.sql.imp.SocketConnectionBase] (vert.x-eventloop-thread-0) Backend notice: severity='NOTICE', code='00000', message='table "webauthncredential" does not exist, skipping', detail='null', hint='null', position='null', internalPosition='null', internalQuery='null', where='null', file='tablecmds.c', line='1272', routine='DropErrorMsgNonExistent', schema='null', table='null', column='null', dataType='null', constraint='null'
2023-09-20 15:56:09,893 WARN  [io.ver.sql.imp.SocketConnectionBase] (vert.x-eventloop-thread-0) Backend notice: severity='NOTICE', code='00000', message='sequence "user_table_seq" does not exist, skipping', detail='null', hint='null', position='null', internalPosition='null', internalQuery='null', where='null', file='tablecmds.c', line='1272', routine='DropErrorMsgNonExistent', schema='null', table='null', column='null', dataType='null', constraint='null'
2023-09-20 15:56:09,895 WARN  [io.ver.sql.imp.SocketConnectionBase] (vert.x-eventloop-thread-0) Backend notice: severity='NOTICE', code='00000', message='sequence "webauthncertificate_seq" does not exist, skipping', detail='null', hint='null', position='null', internalPosition='null', internalQuery='null', where='null', file='tablecmds.c', line='1272', routine='DropErrorMsgNonExistent', schema='null', table='null', column='null', dataType='null', constraint='null'
2023-09-20 15:56:09,897 WARN  [io.ver.sql.imp.SocketConnectionBase] (vert.x-eventloop-thread-0) Backend notice: severity='NOTICE', code='00000', message='sequence "webauthncredential_seq" does not exist, skipping', detail='null', hint='null', position='null', internalPosition='null', internalQuery='null', where='null', file='tablecmds.c', line='1272', routine='DropErrorMsgNonExistent', schema='null', table='null', column='null', dataType='null', constraint='null'
2023-09-20 15:56:09,924 WARN  [io.qua.sec.web.WebAuthnRecorder] (main) Encryption key was not specified for persistent WebAuthn auth, using temporary key S/yX44rsTvFTtv/fqoEFRtzWqD5L70pT2Z9CeZCLY5s=
2023-09-20 15:56:09,947 INFO  [io.quarkus] (main) security-webauthn-quickstart 1.0.0-SNAPSHOT on JVM (powered by Quarkus 3.3.3) started in 4.919s. Listening on: http://localhost:8081
2023-09-20 15:56:09,947 INFO  [io.quarkus] (main) Profile test activated. 
2023-09-20 15:56:09,948 INFO  [io.quarkus] (main) Installed features: [cdi, hibernate-orm, hibernate-reactive, hibernate-reactive-panache, reactive-pg-client, resteasy-reactive, security, security-webauthn, smallrye-context-propagation, vertx]
2023-09-20 15:56:11,022 INFO  [io.ver.ext.aut.web.WebAuthn] (vert.x-eventloop-thread-1) User was either verified or present during credentials creation
2023-09-20 15:56:11,258 INFO  [io.ver.ext.aut.web.WebAuthn] (vert.x-eventloop-thread-2) User was either verified or present during credentials creation
2023-09-20 15:56:11,441 INFO  [io.ver.ext.aut.web.WebAuthn] (vert.x-eventloop-thread-1) User was either verified or present during credentials creation
2023-09-20 15:56:11,574 INFO  [io.ver.ext.aut.web.WebAuthn] (vert.x-eventloop-thread-2) User was either verified or present during credentials creation
]]></system-out>
  </testcase>
  <testcase name="testWebAuthnAdmin" classname="org.acme.security.webauthn.test.WebAuthnResourceTest" time="0.381">
    <system-out><![CDATA[2023-09-20 15:56:11,782 INFO  [io.ver.ext.aut.web.WebAuthn] (vert.x-eventloop-thread-1) User was either verified or present during credentials creation
2023-09-20 15:56:11,942 INFO  [io.ver.ext.aut.web.WebAuthn] (vert.x-eventloop-thread-2) User was either verified or present during credentials creation
]]></system-out>
  </testcase>
</testsuite>