<?xml version="1.0" encoding="UTF-8"?>
<testsuite xmlns:xsi="http://www.w3.org/2001/XMLSchema-instance" xsi:noNamespaceSchemaLocation="https://maven.apache.org/surefire/maven-surefire-plugin/xsd/surefire-test-report-3.0.xsd" version="3.0" name="org.acme.security.openid.connect.web.authentication.CodeFlowTest" time="25.428" tests="3" errors="0" skipped="0" failures="0">
  <properties>
[...]
</properties>
  <testcase name="testTokenTimeoutLogout" classname="org.acme.security.openid.connect.web.authentication.CodeFlowTest" time="8.122">
    <system-out><![CDATA[2023-09-20 14:45:32,451 INFO  [org.tes.doc.DockerClientProviderStrategy] (build-21) Loaded org.testcontainers.dockerclient.UnixSocketClientProviderStrategy from ~/.testcontainers.properties, will try it first
2023-09-20 14:45:32,573 INFO  [org.tes.doc.DockerClientProviderStrategy] (build-21) Found Docker environment with local Unix socket (unix:///var/run/docker.sock)
2023-09-20 14:45:32,574 INFO  [org.tes.DockerClientFactory] (build-21) Docker host IP address is localhost
2023-09-20 14:45:32,585 INFO  [org.tes.DockerClientFactory] (build-21) Connected to docker: 
  Server Version: 24.0.6
  API Version: 1.43
  Operating System: Docker Desktop
  Total Memory: 8944 MB
2023-09-20 14:45:32,592 INFO  [org.tes.uti.ImageNameSubstitutor] (build-21) Image name substitution will be performed by: DefaultImageNameSubstitutor (composite of 'ConfigurationFileImageNameSubstitutor' and 'PrefixingImageNameSubstitutor')
2023-09-20 14:45:32,594 INFO  [org.tes.DockerClientFactory] (build-21) Checking the system...
2023-09-20 14:45:32,594 INFO  [org.tes.DockerClientFactory] (build-21) ✔︎ Docker server version should be at least 1.6.0
2023-09-20 14:45:32,727 INFO  [io.qua.oid.dep.dev.key.KeycloakDevServicesProcessor] (build-21) Using Quarkus powered Keycloak distribution
2023-09-20 14:45:32,748 INFO  [tc.qua.io/.0.1] (build-21) Creating container for image: quay.io/keycloak/keycloak:22.0.1
2023-09-20 14:45:33,317 INFO  [org.tes.uti.RegistryAuthLocator] (build-21) Credential helper/store (docker-credential-desktop) does not have credentials for quay.io
2023-09-20 14:45:33,324 INFO  [tc.tes.5.1] (build-21) Creating container for image: testcontainers/ryuk:0.5.1
2023-09-20 14:45:33,529 INFO  [org.tes.uti.RegistryAuthLocator] (build-21) Credential helper/store (docker-credential-desktop) does not have credentials for https://index.docker.io/v1/
2023-09-20 14:45:33,586 INFO  [tc.tes.5.1] (build-21) Container testcontainers/ryuk:0.5.1 is starting: e268bf6f6232de62b36745db4c640453e8d21054aa9d6a6cf83e31d7889280a4
2023-09-20 14:45:33,889 INFO  [tc.tes.5.1] (build-21) Container testcontainers/ryuk:0.5.1 started in PT0.565811S
2023-09-20 14:45:33,921 INFO  [tc.qua.io/.0.1] (build-21) Container quay.io/keycloak/keycloak:22.0.1 is starting: 9f04c9b767a50a26360b3facf944e8769634ee9e1bec5da516c20965711ddb2e
2023-09-20 14:45:41,747 INFO  [tc.qua.io/.0.1] (build-21) Container quay.io/keycloak/keycloak:22.0.1 started in PT9.020481S
2023-09-20 14:45:42,528 INFO  [io.qua.oid.dep.dev.key.KeycloakDevServicesProcessor] (build-21) Dev Services for Keycloak started.
2023-09-20 14:45:43,118 WARN  [io.qua.oid.run.TenantConfigContext] (vert.x-eventloop-thread-1) Secret key for encrypting tokens in a session cookie should be at least 32 characters long for the strongest cookie encryption to be produced. Please configure 'quarkus.oidc.token-state-manager.encryption-secret' or update the configured client secret. You can disable the session cookie encryption with 'quarkus.oidc.token-state-manager.encryption-required=false' but only if it is considered to be safe in your application's network.
2023-09-20 14:45:43,152 INFO  [io.quarkus] (main) security-openid-connect-web-authentication-quickstart 1.0.0-SNAPSHOT on JVM (powered by Quarkus 3.3.3) started in 11.587s. Listening on: http://localhost:8081
2023-09-20 14:45:43,153 INFO  [io.quarkus] (main) Profile test activated. 
2023-09-20 14:45:43,153 INFO  [io.quarkus] (main) Installed features: [cdi, oidc, resteasy-reactive, resteasy-reactive-jackson, security, smallrye-context-propagation, vertx]
2023-09-20 14:45:45,134 WARN  [com.gar.htm.jav.hos.css.CSSStyleSheet] (main) CSSValue '0' has to be a 'px', 'em', '%', 'mm', 'ex', or 'pt' value.
2023-09-20 14:45:45,134 WARN  [com.gar.htm.jav.hos.css.CSSStyleSheet] (main) CSSValue '0' has to be a 'px', 'em', '%', 'mm', 'ex', or 'pt' value.
2023-09-20 14:45:45,134 WARN  [com.gar.htm.jav.hos.css.CSSStyleSheet] (main) CSSValue '0' has to be a 'px', 'em', '%', 'mm', 'ex', or 'pt' value.
2023-09-20 14:45:45,303 WARN  [com.gar.htm.jav.hos.css.CSSStyleSheet] (main) CSSValue '0' has to be a 'px', 'em', '%', 'mm', 'ex', or 'pt' value.
2023-09-20 14:45:45,303 WARN  [com.gar.htm.jav.hos.css.CSSStyleSheet] (main) CSSValue '0' has to be a 'px', 'em', '%', 'mm', 'ex', or 'pt' value.
2023-09-20 14:45:45,303 WARN  [com.gar.htm.jav.hos.css.CSSStyleSheet] (main) CSSValue '0' has to be a 'px', 'em', '%', 'mm', 'ex', or 'pt' value.
2023-09-20 14:45:45,306 WARN  [com.gar.htm.jav.hos.css.CSSStyleSheet] (main) CSSValue '0' has to be a 'px', 'em', '%', 'mm', 'ex', or 'pt' value.
2023-09-20 14:45:45,306 WARN  [com.gar.htm.jav.hos.css.CSSStyleSheet] (main) CSSValue '0' has to be a 'px', 'em', '%', 'mm', 'ex', or 'pt' value.
2023-09-20 14:45:45,306 WARN  [com.gar.htm.jav.hos.css.CSSStyleSheet] (main) CSSValue '0' has to be a 'px', 'em', '%', 'mm', 'ex', or 'pt' value.
2023-09-20 14:45:45,308 WARN  [com.gar.htm.jav.hos.css.CSSStyleSheet] (main) CSSValue '0' has to be a 'px', 'em', '%', 'mm', 'ex', or 'pt' value.
2023-09-20 14:45:45,308 WARN  [com.gar.htm.jav.hos.css.CSSStyleSheet] (main) CSSValue '0' has to be a 'px', 'em', '%', 'mm', 'ex', or 'pt' value.
2023-09-20 14:45:45,309 WARN  [com.gar.htm.jav.hos.css.CSSStyleSheet] (main) CSSValue '0' has to be a 'px', 'em', '%', 'mm', 'ex', or 'pt' value.
2023-09-20 14:45:45,311 WARN  [com.gar.htm.jav.hos.css.CSSStyleSheet] (main) CSSValue '0' has to be a 'px', 'em', '%', 'mm', 'ex', or 'pt' value.
2023-09-20 14:45:45,311 WARN  [com.gar.htm.jav.hos.css.CSSStyleSheet] (main) CSSValue '0' has to be a 'px', 'em', '%', 'mm', 'ex', or 'pt' value.
2023-09-20 14:45:45,311 WARN  [com.gar.htm.jav.hos.css.CSSStyleSheet] (main) CSSValue '0' has to be a 'px', 'em', '%', 'mm', 'ex', or 'pt' value.
2023-09-20 14:45:45,313 WARN  [com.gar.htm.jav.hos.css.CSSStyleSheet] (main) CSSValue '0' has to be a 'px', 'em', '%', 'mm', 'ex', or 'pt' value.
2023-09-20 14:45:45,313 WARN  [com.gar.htm.jav.hos.css.CSSStyleSheet] (main) CSSValue '0' has to be a 'px', 'em', '%', 'mm', 'ex', or 'pt' value.
2023-09-20 14:45:45,313 WARN  [com.gar.htm.jav.hos.css.CSSStyleSheet] (main) CSSValue '0' has to be a 'px', 'em', '%', 'mm', 'ex', or 'pt' value.
2023-09-20 14:45:45,315 WARN  [com.gar.htm.jav.hos.css.CSSStyleSheet] (main) CSSValue '0' has to be a 'px', 'em', '%', 'mm', 'ex', or 'pt' value.
2023-09-20 14:45:45,315 WARN  [com.gar.htm.jav.hos.css.CSSStyleSheet] (main) CSSValue '0' has to be a 'px', 'em', '%', 'mm', 'ex', or 'pt' value.
2023-09-20 14:45:45,315 WARN  [com.gar.htm.jav.hos.css.CSSStyleSheet] (main) CSSValue '0' has to be a 'px', 'em', '%', 'mm', 'ex', or 'pt' value.
2023-09-20 14:45:45,317 WARN  [com.gar.htm.jav.hos.css.CSSStyleSheet] (main) CSSValue '0' has to be a 'px', 'em', '%', 'mm', 'ex', or 'pt' value.
2023-09-20 14:45:45,317 WARN  [com.gar.htm.jav.hos.css.CSSStyleSheet] (main) CSSValue '0' has to be a 'px', 'em', '%', 'mm', 'ex', or 'pt' value.
2023-09-20 14:45:45,317 WARN  [com.gar.htm.jav.hos.css.CSSStyleSheet] (main) CSSValue '0' has to be a 'px', 'em', '%', 'mm', 'ex', or 'pt' value.
2023-09-20 14:45:45,319 WARN  [com.gar.htm.jav.hos.css.CSSStyleSheet] (main) CSSValue '0' has to be a 'px', 'em', '%', 'mm', 'ex', or 'pt' value.
2023-09-20 14:45:45,319 WARN  [com.gar.htm.jav.hos.css.CSSStyleSheet] (main) CSSValue '0' has to be a 'px', 'em', '%', 'mm', 'ex', or 'pt' value.
2023-09-20 14:45:45,319 WARN  [com.gar.htm.jav.hos.css.CSSStyleSheet] (main) CSSValue '0' has to be a 'px', 'em', '%', 'mm', 'ex', or 'pt' value.
2023-09-20 14:45:45,320 WARN  [com.gar.htm.jav.hos.css.CSSStyleSheet] (main) CSSValue '0' has to be a 'px', 'em', '%', 'mm', 'ex', or 'pt' value.
2023-09-20 14:45:45,320 WARN  [com.gar.htm.jav.hos.css.CSSStyleSheet] (main) CSSValue '0' has to be a 'px', 'em', '%', 'mm', 'ex', or 'pt' value.
2023-09-20 14:45:45,320 WARN  [com.gar.htm.jav.hos.css.CSSStyleSheet] (main) CSSValue '0' has to be a 'px', 'em', '%', 'mm', 'ex', or 'pt' value.
2023-09-20 14:45:45,322 WARN  [com.gar.htm.jav.hos.css.CSSStyleSheet] (main) CSSValue '0' has to be a 'px', 'em', '%', 'mm', 'ex', or 'pt' value.
2023-09-20 14:45:45,322 WARN  [com.gar.htm.jav.hos.css.CSSStyleSheet] (main) CSSValue '0' has to be a 'px', 'em', '%', 'mm', 'ex', or 'pt' value.
2023-09-20 14:45:45,322 WARN  [com.gar.htm.jav.hos.css.CSSStyleSheet] (main) CSSValue '0' has to be a 'px', 'em', '%', 'mm', 'ex', or 'pt' value.
2023-09-20 14:45:45,324 WARN  [com.gar.htm.jav.hos.css.CSSStyleSheet] (main) CSSValue '0' has to be a 'px', 'em', '%', 'mm', 'ex', or 'pt' value.
2023-09-20 14:45:45,324 WARN  [com.gar.htm.jav.hos.css.CSSStyleSheet] (main) CSSValue '0' has to be a 'px', 'em', '%', 'mm', 'ex', or 'pt' value.
2023-09-20 14:45:45,324 WARN  [com.gar.htm.jav.hos.css.CSSStyleSheet] (main) CSSValue '0' has to be a 'px', 'em', '%', 'mm', 'ex', or 'pt' value.
2023-09-20 14:45:45,325 WARN  [com.gar.htm.jav.hos.css.CSSStyleSheet] (main) CSSValue '0' has to be a 'px', 'em', '%', 'mm', 'ex', or 'pt' value.
2023-09-20 14:45:45,325 WARN  [com.gar.htm.jav.hos.css.CSSStyleSheet] (main) CSSValue '0' has to be a 'px', 'em', '%', 'mm', 'ex', or 'pt' value.
2023-09-20 14:45:45,325 WARN  [com.gar.htm.jav.hos.css.CSSStyleSheet] (main) CSSValue '0' has to be a 'px', 'em', '%', 'mm', 'ex', or 'pt' value.
2023-09-20 14:45:45,326 WARN  [com.gar.htm.jav.hos.css.CSSStyleSheet] (main) CSSValue '0' has to be a 'px', 'em', '%', 'mm', 'ex', or 'pt' value.
2023-09-20 14:45:45,327 WARN  [com.gar.htm.jav.hos.css.CSSStyleSheet] (main) CSSValue '0' has to be a 'px', 'em', '%', 'mm', 'ex', or 'pt' value.
2023-09-20 14:45:45,327 WARN  [com.gar.htm.jav.hos.css.CSSStyleSheet] (main) CSSValue '0' has to be a 'px', 'em', '%', 'mm', 'ex', or 'pt' value.
2023-09-20 14:45:45,328 WARN  [com.gar.htm.jav.hos.css.CSSStyleSheet] (main) CSSValue '0' has to be a 'px', 'em', '%', 'mm', 'ex', or 'pt' value.
2023-09-20 14:45:45,328 WARN  [com.gar.htm.jav.hos.css.CSSStyleSheet] (main) CSSValue '0' has to be a 'px', 'em', '%', 'mm', 'ex', or 'pt' value.
2023-09-20 14:45:45,328 WARN  [com.gar.htm.jav.hos.css.CSSStyleSheet] (main) CSSValue '0' has to be a 'px', 'em', '%', 'mm', 'ex', or 'pt' value.
2023-09-20 14:45:45,329 WARN  [com.gar.htm.jav.hos.css.CSSStyleSheet] (main) CSSValue '0' has to be a 'px', 'em', '%', 'mm', 'ex', or 'pt' value.
2023-09-20 14:45:45,329 WARN  [com.gar.htm.jav.hos.css.CSSStyleSheet] (main) CSSValue '0' has to be a 'px', 'em', '%', 'mm', 'ex', or 'pt' value.
2023-09-20 14:45:45,329 WARN  [com.gar.htm.jav.hos.css.CSSStyleSheet] (main) CSSValue '0' has to be a 'px', 'em', '%', 'mm', 'ex', or 'pt' value.
2023-09-20 14:45:45,330 WARN  [com.gar.htm.jav.hos.css.CSSStyleSheet] (main) CSSValue '0' has to be a 'px', 'em', '%', 'mm', 'ex', or 'pt' value.
2023-09-20 14:45:45,330 WARN  [com.gar.htm.jav.hos.css.CSSStyleSheet] (main) CSSValue '0' has to be a 'px', 'em', '%', 'mm', 'ex', or 'pt' value.
2023-09-20 14:45:45,330 WARN  [com.gar.htm.jav.hos.css.CSSStyleSheet] (main) CSSValue '0' has to be a 'px', 'em', '%', 'mm', 'ex', or 'pt' value.
2023-09-20 14:45:45,331 WARN  [com.gar.htm.jav.hos.css.CSSStyleSheet] (main) CSSValue '0' has to be a 'px', 'em', '%', 'mm', 'ex', or 'pt' value.
2023-09-20 14:45:45,331 WARN  [com.gar.htm.jav.hos.css.CSSStyleSheet] (main) CSSValue '0' has to be a 'px', 'em', '%', 'mm', 'ex', or 'pt' value.
2023-09-20 14:45:45,332 WARN  [com.gar.htm.jav.hos.css.CSSStyleSheet] (main) CSSValue '0' has to be a 'px', 'em', '%', 'mm', 'ex', or 'pt' value.
2023-09-20 14:45:45,333 WARN  [com.gar.htm.jav.hos.css.CSSStyleSheet] (main) CSSValue '0' has to be a 'px', 'em', '%', 'mm', 'ex', or 'pt' value.
2023-09-20 14:45:45,333 WARN  [com.gar.htm.jav.hos.css.CSSStyleSheet] (main) CSSValue '0' has to be a 'px', 'em', '%', 'mm', 'ex', or 'pt' value.
2023-09-20 14:45:45,333 WARN  [com.gar.htm.jav.hos.css.CSSStyleSheet] (main) CSSValue '0' has to be a 'px', 'em', '%', 'mm', 'ex', or 'pt' value.
2023-09-20 14:45:45,334 WARN  [com.gar.htm.jav.hos.css.CSSStyleSheet] (main) CSSValue '0' has to be a 'px', 'em', '%', 'mm', 'ex', or 'pt' value.
2023-09-20 14:45:45,334 WARN  [com.gar.htm.jav.hos.css.CSSStyleSheet] (main) CSSValue '0' has to be a 'px', 'em', '%', 'mm', 'ex', or 'pt' value.
2023-09-20 14:45:45,334 WARN  [com.gar.htm.jav.hos.css.CSSStyleSheet] (main) CSSValue '0' has to be a 'px', 'em', '%', 'mm', 'ex', or 'pt' value.
2023-09-20 14:45:45,336 WARN  [com.gar.htm.jav.hos.css.CSSStyleSheet] (main) CSSValue '0' has to be a 'px', 'em', '%', 'mm', 'ex', or 'pt' value.
2023-09-20 14:45:45,336 WARN  [com.gar.htm.jav.hos.css.CSSStyleSheet] (main) CSSValue '0' has to be a 'px', 'em', '%', 'mm', 'ex', or 'pt' value.
2023-09-20 14:45:45,336 WARN  [com.gar.htm.jav.hos.css.CSSStyleSheet] (main) CSSValue '0' has to be a 'px', 'em', '%', 'mm', 'ex', or 'pt' value.
2023-09-20 14:45:45,338 WARN  [com.gar.htm.jav.hos.css.CSSStyleSheet] (main) CSSValue '0' has to be a 'px', 'em', '%', 'mm', 'ex', or 'pt' value.
2023-09-20 14:45:45,338 WARN  [com.gar.htm.jav.hos.css.CSSStyleSheet] (main) CSSValue '0' has to be a 'px', 'em', '%', 'mm', 'ex', or 'pt' value.
2023-09-20 14:45:45,338 WARN  [com.gar.htm.jav.hos.css.CSSStyleSheet] (main) CSSValue '0' has to be a 'px', 'em', '%', 'mm', 'ex', or 'pt' value.
]]></system-out>
  </testcase>
  <testcase name="testTokenInjection" classname="org.acme.security.openid.connect.web.authentication.CodeFlowTest" time="1.495">
    <system-out><![CDATA[2023-09-20 14:45:52,412 WARN  [com.gar.htm.jav.hos.css.CSSStyleSheet] (main) CSSValue '0' has to be a 'px', 'em', '%', 'mm', 'ex', or 'pt' value.
2023-09-20 14:45:52,412 WARN  [com.gar.htm.jav.hos.css.CSSStyleSheet] (main) CSSValue '0' has to be a 'px', 'em', '%', 'mm', 'ex', or 'pt' value.
2023-09-20 14:45:52,412 WARN  [com.gar.htm.jav.hos.css.CSSStyleSheet] (main) CSSValue '0' has to be a 'px', 'em', '%', 'mm', 'ex', or 'pt' value.
2023-09-20 14:45:52,586 WARN  [com.gar.htm.jav.hos.css.CSSStyleSheet] (main) CSSValue '0' has to be a 'px', 'em', '%', 'mm', 'ex', or 'pt' value.
2023-09-20 14:45:52,587 WARN  [com.gar.htm.jav.hos.css.CSSStyleSheet] (main) CSSValue '0' has to be a 'px', 'em', '%', 'mm', 'ex', or 'pt' value.
2023-09-20 14:45:52,587 WARN  [com.gar.htm.jav.hos.css.CSSStyleSheet] (main) CSSValue '0' has to be a 'px', 'em', '%', 'mm', 'ex', or 'pt' value.
2023-09-20 14:45:52,588 WARN  [com.gar.htm.jav.hos.css.CSSStyleSheet] (main) CSSValue '0' has to be a 'px', 'em', '%', 'mm', 'ex', or 'pt' value.
2023-09-20 14:45:52,588 WARN  [com.gar.htm.jav.hos.css.CSSStyleSheet] (main) CSSValue '0' has to be a 'px', 'em', '%', 'mm', 'ex', or 'pt' value.
2023-09-20 14:45:52,588 WARN  [com.gar.htm.jav.hos.css.CSSStyleSheet] (main) CSSValue '0' has to be a 'px', 'em', '%', 'mm', 'ex', or 'pt' value.
2023-09-20 14:45:52,590 WARN  [com.gar.htm.jav.hos.css.CSSStyleSheet] (main) CSSValue '0' has to be a 'px', 'em', '%', 'mm', 'ex', or 'pt' value.
2023-09-20 14:45:52,590 WARN  [com.gar.htm.jav.hos.css.CSSStyleSheet] (main) CSSValue '0' has to be a 'px', 'em', '%', 'mm', 'ex', or 'pt' value.
2023-09-20 14:45:52,590 WARN  [com.gar.htm.jav.hos.css.CSSStyleSheet] (main) CSSValue '0' has to be a 'px', 'em', '%', 'mm', 'ex', or 'pt' value.
2023-09-20 14:45:52,591 WARN  [com.gar.htm.jav.hos.css.CSSStyleSheet] (main) CSSValue '0' has to be a 'px', 'em', '%', 'mm', 'ex', or 'pt' value.
2023-09-20 14:45:52,591 WARN  [com.gar.htm.jav.hos.css.CSSStyleSheet] (main) CSSValue '0' has to be a 'px', 'em', '%', 'mm', 'ex', or 'pt' value.
2023-09-20 14:45:52,591 WARN  [com.gar.htm.jav.hos.css.CSSStyleSheet] (main) CSSValue '0' has to be a 'px', 'em', '%', 'mm', 'ex', or 'pt' value.
2023-09-20 14:45:52,592 WARN  [com.gar.htm.jav.hos.css.CSSStyleSheet] (main) CSSValue '0' has to be a 'px', 'em', '%', 'mm', 'ex', or 'pt' value.
2023-09-20 14:45:52,593 WARN  [com.gar.htm.jav.hos.css.CSSStyleSheet] (main) CSSValue '0' has to be a 'px', 'em', '%', 'mm', 'ex', or 'pt' value.
2023-09-20 14:45:52,593 WARN  [com.gar.htm.jav.hos.css.CSSStyleSheet] (main) CSSValue '0' has to be a 'px', 'em', '%', 'mm', 'ex', or 'pt' value.
2023-09-20 14:45:52,594 WARN  [com.gar.htm.jav.hos.css.CSSStyleSheet] (main) CSSValue '0' has to be a 'px', 'em', '%', 'mm', 'ex', or 'pt' value.
2023-09-20 14:45:52,594 WARN  [com.gar.htm.jav.hos.css.CSSStyleSheet] (main) CSSValue '0' has to be a 'px', 'em', '%', 'mm', 'ex', or 'pt' value.
2023-09-20 14:45:52,594 WARN  [com.gar.htm.jav.hos.css.CSSStyleSheet] (main) CSSValue '0' has to be a 'px', 'em', '%', 'mm', 'ex', or 'pt' value.
2023-09-20 14:45:52,595 WARN  [com.gar.htm.jav.hos.css.CSSStyleSheet] (main) CSSValue '0' has to be a 'px', 'em', '%', 'mm', 'ex', or 'pt' value.
2023-09-20 14:45:52,595 WARN  [com.gar.htm.jav.hos.css.CSSStyleSheet] (main) CSSValue '0' has to be a 'px', 'em', '%', 'mm', 'ex', or 'pt' value.
2023-09-20 14:45:52,595 WARN  [com.gar.htm.jav.hos.css.CSSStyleSheet] (main) CSSValue '0' has to be a 'px', 'em', '%', 'mm', 'ex', or 'pt' value.
2023-09-20 14:45:52,597 WARN  [com.gar.htm.jav.hos.css.CSSStyleSheet] (main) CSSValue '0' has to be a 'px', 'em', '%', 'mm', 'ex', or 'pt' value.
2023-09-20 14:45:52,597 WARN  [com.gar.htm.jav.hos.css.CSSStyleSheet] (main) CSSValue '0' has to be a 'px', 'em', '%', 'mm', 'ex', or 'pt' value.
2023-09-20 14:45:52,597 WARN  [com.gar.htm.jav.hos.css.CSSStyleSheet] (main) CSSValue '0' has to be a 'px', 'em', '%', 'mm', 'ex', or 'pt' value.
2023-09-20 14:45:52,598 WARN  [com.gar.htm.jav.hos.css.CSSStyleSheet] (main) CSSValue '0' has to be a 'px', 'em', '%', 'mm', 'ex', or 'pt' value.
2023-09-20 14:45:52,598 WARN  [com.gar.htm.jav.hos.css.CSSStyleSheet] (main) CSSValue '0' has to be a 'px', 'em', '%', 'mm', 'ex', or 'pt' value.
2023-09-20 14:45:52,598 WARN  [com.gar.htm.jav.hos.css.CSSStyleSheet] (main) CSSValue '0' has to be a 'px', 'em', '%', 'mm', 'ex', or 'pt' value.
2023-09-20 14:45:52,599 WARN  [com.gar.htm.jav.hos.css.CSSStyleSheet] (main) CSSValue '0' has to be a 'px', 'em', '%', 'mm', 'ex', or 'pt' value.
2023-09-20 14:45:52,599 WARN  [com.gar.htm.jav.hos.css.CSSStyleSheet] (main) CSSValue '0' has to be a 'px', 'em', '%', 'mm', 'ex', or 'pt' value.
2023-09-20 14:45:52,599 WARN  [com.gar.htm.jav.hos.css.CSSStyleSheet] (main) CSSValue '0' has to be a 'px', 'em', '%', 'mm', 'ex', or 'pt' value.
2023-09-20 14:45:52,600 WARN  [com.gar.htm.jav.hos.css.CSSStyleSheet] (main) CSSValue '0' has to be a 'px', 'em', '%', 'mm', 'ex', or 'pt' value.
2023-09-20 14:45:52,600 WARN  [com.gar.htm.jav.hos.css.CSSStyleSheet] (main) CSSValue '0' has to be a 'px', 'em', '%', 'mm', 'ex', or 'pt' value.
2023-09-20 14:45:52,600 WARN  [com.gar.htm.jav.hos.css.CSSStyleSheet] (main) CSSValue '0' has to be a 'px', 'em', '%', 'mm', 'ex', or 'pt' value.
2023-09-20 14:45:52,601 WARN  [com.gar.htm.jav.hos.css.CSSStyleSheet] (main) CSSValue '0' has to be a 'px', 'em', '%', 'mm', 'ex', or 'pt' value.
2023-09-20 14:45:52,601 WARN  [com.gar.htm.jav.hos.css.CSSStyleSheet] (main) CSSValue '0' has to be a 'px', 'em', '%', 'mm', 'ex', or 'pt' value.
2023-09-20 14:45:52,601 WARN  [com.gar.htm.jav.hos.css.CSSStyleSheet] (main) CSSValue '0' has to be a 'px', 'em', '%', 'mm', 'ex', or 'pt' value.
2023-09-20 14:45:52,602 WARN  [com.gar.htm.jav.hos.css.CSSStyleSheet] (main) CSSValue '0' has to be a 'px', 'em', '%', 'mm', 'ex', or 'pt' value.
2023-09-20 14:45:52,602 WARN  [com.gar.htm.jav.hos.css.CSSStyleSheet] (main) CSSValue '0' has to be a 'px', 'em', '%', 'mm', 'ex', or 'pt' value.
2023-09-20 14:45:52,603 WARN  [com.gar.htm.jav.hos.css.CSSStyleSheet] (main) CSSValue '0' has to be a 'px', 'em', '%', 'mm', 'ex', or 'pt' value.
2023-09-20 14:45:52,612 WARN  [com.gar.htm.jav.hos.css.CSSStyleSheet] (main) CSSValue '0' has to be a 'px', 'em', '%', 'mm', 'ex', or 'pt' value.
2023-09-20 14:45:52,612 WARN  [com.gar.htm.jav.hos.css.CSSStyleSheet] (main) CSSValue '0' has to be a 'px', 'em', '%', 'mm', 'ex', or 'pt' value.
2023-09-20 14:45:52,612 WARN  [com.gar.htm.jav.hos.css.CSSStyleSheet] (main) CSSValue '0' has to be a 'px', 'em', '%', 'mm', 'ex', or 'pt' value.
2023-09-20 14:45:52,614 WARN  [com.gar.htm.jav.hos.css.CSSStyleSheet] (main) CSSValue '0' has to be a 'px', 'em', '%', 'mm', 'ex', or 'pt' value.
2023-09-20 14:45:52,614 WARN  [com.gar.htm.jav.hos.css.CSSStyleSheet] (main) CSSValue '0' has to be a 'px', 'em', '%', 'mm', 'ex', or 'pt' value.
2023-09-20 14:45:52,614 WARN  [com.gar.htm.jav.hos.css.CSSStyleSheet] (main) CSSValue '0' has to be a 'px', 'em', '%', 'mm', 'ex', or 'pt' value.
2023-09-20 14:45:52,616 WARN  [com.gar.htm.jav.hos.css.CSSStyleSheet] (main) CSSValue '0' has to be a 'px', 'em', '%', 'mm', 'ex', or 'pt' value.
2023-09-20 14:45:52,616 WARN  [com.gar.htm.jav.hos.css.CSSStyleSheet] (main) CSSValue '0' has to be a 'px', 'em', '%', 'mm', 'ex', or 'pt' value.
2023-09-20 14:45:52,616 WARN  [com.gar.htm.jav.hos.css.CSSStyleSheet] (main) CSSValue '0' has to be a 'px', 'em', '%', 'mm', 'ex', or 'pt' value.
2023-09-20 14:45:52,617 WARN  [com.gar.htm.jav.hos.css.CSSStyleSheet] (main) CSSValue '0' has to be a 'px', 'em', '%', 'mm', 'ex', or 'pt' value.
2023-09-20 14:45:52,617 WARN  [com.gar.htm.jav.hos.css.CSSStyleSheet] (main) CSSValue '0' has to be a 'px', 'em', '%', 'mm', 'ex', or 'pt' value.
2023-09-20 14:45:52,617 WARN  [com.gar.htm.jav.hos.css.CSSStyleSheet] (main) CSSValue '0' has to be a 'px', 'em', '%', 'mm', 'ex', or 'pt' value.
2023-09-20 14:45:52,618 WARN  [com.gar.htm.jav.hos.css.CSSStyleSheet] (main) CSSValue '0' has to be a 'px', 'em', '%', 'mm', 'ex', or 'pt' value.
2023-09-20 14:45:52,618 WARN  [com.gar.htm.jav.hos.css.CSSStyleSheet] (main) CSSValue '0' has to be a 'px', 'em', '%', 'mm', 'ex', or 'pt' value.
2023-09-20 14:45:52,618 WARN  [com.gar.htm.jav.hos.css.CSSStyleSheet] (main) CSSValue '0' has to be a 'px', 'em', '%', 'mm', 'ex', or 'pt' value.
2023-09-20 14:45:52,620 WARN  [com.gar.htm.jav.hos.css.CSSStyleSheet] (main) CSSValue '0' has to be a 'px', 'em', '%', 'mm', 'ex', or 'pt' value.
2023-09-20 14:45:52,620 WARN  [com.gar.htm.jav.hos.css.CSSStyleSheet] (main) CSSValue '0' has to be a 'px', 'em', '%', 'mm', 'ex', or 'pt' value.
2023-09-20 14:45:52,620 WARN  [com.gar.htm.jav.hos.css.CSSStyleSheet] (main) CSSValue '0' has to be a 'px', 'em', '%', 'mm', 'ex', or 'pt' value.
2023-09-20 14:45:52,621 WARN  [com.gar.htm.jav.hos.css.CSSStyleSheet] (main) CSSValue '0' has to be a 'px', 'em', '%', 'mm', 'ex', or 'pt' value.
2023-09-20 14:45:52,621 WARN  [com.gar.htm.jav.hos.css.CSSStyleSheet] (main) CSSValue '0' has to be a 'px', 'em', '%', 'mm', 'ex', or 'pt' value.
2023-09-20 14:45:52,621 WARN  [com.gar.htm.jav.hos.css.CSSStyleSheet] (main) CSSValue '0' has to be a 'px', 'em', '%', 'mm', 'ex', or 'pt' value.
2023-09-20 14:45:52,622 WARN  [com.gar.htm.jav.hos.css.CSSStyleSheet] (main) CSSValue '0' has to be a 'px', 'em', '%', 'mm', 'ex', or 'pt' value.
2023-09-20 14:45:52,623 WARN  [com.gar.htm.jav.hos.css.CSSStyleSheet] (main) CSSValue '0' has to be a 'px', 'em', '%', 'mm', 'ex', or 'pt' value.
2023-09-20 14:45:52,623 WARN  [com.gar.htm.jav.hos.css.CSSStyleSheet] (main) CSSValue '0' has to be a 'px', 'em', '%', 'mm', 'ex', or 'pt' value.
]]></system-out>
  </testcase>
  <testcase name="testCodeFlowNoConsent" classname="org.acme.security.openid.connect.web.authentication.CodeFlowTest" time="1.445">
    <system-out><![CDATA[2023-09-20 14:45:53,942 WARN  [com.gar.htm.jav.hos.css.CSSStyleSheet] (main) CSSValue '0' has to be a 'px', 'em', '%', 'mm', 'ex', or 'pt' value.
2023-09-20 14:45:53,942 WARN  [com.gar.htm.jav.hos.css.CSSStyleSheet] (main) CSSValue '0' has to be a 'px', 'em', '%', 'mm', 'ex', or 'pt' value.
2023-09-20 14:45:53,942 WARN  [com.gar.htm.jav.hos.css.CSSStyleSheet] (main) CSSValue '0' has to be a 'px', 'em', '%', 'mm', 'ex', or 'pt' value.
2023-09-20 14:45:54,118 WARN  [com.gar.htm.jav.hos.css.CSSStyleSheet] (main) CSSValue '0' has to be a 'px', 'em', '%', 'mm', 'ex', or 'pt' value.
2023-09-20 14:45:54,118 WARN  [com.gar.htm.jav.hos.css.CSSStyleSheet] (main) CSSValue '0' has to be a 'px', 'em', '%', 'mm', 'ex', or 'pt' value.
2023-09-20 14:45:54,118 WARN  [com.gar.htm.jav.hos.css.CSSStyleSheet] (main) CSSValue '0' has to be a 'px', 'em', '%', 'mm', 'ex', or 'pt' value.
2023-09-20 14:45:54,120 WARN  [com.gar.htm.jav.hos.css.CSSStyleSheet] (main) CSSValue '0' has to be a 'px', 'em', '%', 'mm', 'ex', or 'pt' value.
2023-09-20 14:45:54,120 WARN  [com.gar.htm.jav.hos.css.CSSStyleSheet] (main) CSSValue '0' has to be a 'px', 'em', '%', 'mm', 'ex', or 'pt' value.
2023-09-20 14:45:54,120 WARN  [com.gar.htm.jav.hos.css.CSSStyleSheet] (main) CSSValue '0' has to be a 'px', 'em', '%', 'mm', 'ex', or 'pt' value.
2023-09-20 14:45:54,121 WARN  [com.gar.htm.jav.hos.css.CSSStyleSheet] (main) CSSValue '0' has to be a 'px', 'em', '%', 'mm', 'ex', or 'pt' value.
2023-09-20 14:45:54,121 WARN  [com.gar.htm.jav.hos.css.CSSStyleSheet] (main) CSSValue '0' has to be a 'px', 'em', '%', 'mm', 'ex', or 'pt' value.
2023-09-20 14:45:54,121 WARN  [com.gar.htm.jav.hos.css.CSSStyleSheet] (main) CSSValue '0' has to be a 'px', 'em', '%', 'mm', 'ex', or 'pt' value.
2023-09-20 14:45:54,128 WARN  [com.gar.htm.jav.hos.css.CSSStyleSheet] (main) CSSValue '0' has to be a 'px', 'em', '%', 'mm', 'ex', or 'pt' value.
2023-09-20 14:45:54,128 WARN  [com.gar.htm.jav.hos.css.CSSStyleSheet] (main) CSSValue '0' has to be a 'px', 'em', '%', 'mm', 'ex', or 'pt' value.
2023-09-20 14:45:54,128 WARN  [com.gar.htm.jav.hos.css.CSSStyleSheet] (main) CSSValue '0' has to be a 'px', 'em', '%', 'mm', 'ex', or 'pt' value.
2023-09-20 14:45:54,130 WARN  [com.gar.htm.jav.hos.css.CSSStyleSheet] (main) CSSValue '0' has to be a 'px', 'em', '%', 'mm', 'ex', or 'pt' value.
2023-09-20 14:45:54,130 WARN  [com.gar.htm.jav.hos.css.CSSStyleSheet] (main) CSSValue '0' has to be a 'px', 'em', '%', 'mm', 'ex', or 'pt' value.
2023-09-20 14:45:54,130 WARN  [com.gar.htm.jav.hos.css.CSSStyleSheet] (main) CSSValue '0' has to be a 'px', 'em', '%', 'mm', 'ex', or 'pt' value.
2023-09-20 14:45:54,131 WARN  [com.gar.htm.jav.hos.css.CSSStyleSheet] (main) CSSValue '0' has to be a 'px', 'em', '%', 'mm', 'ex', or 'pt' value.
2023-09-20 14:45:54,131 WARN  [com.gar.htm.jav.hos.css.CSSStyleSheet] (main) CSSValue '0' has to be a 'px', 'em', '%', 'mm', 'ex', or 'pt' value.
2023-09-20 14:45:54,131 WARN  [com.gar.htm.jav.hos.css.CSSStyleSheet] (main) CSSValue '0' has to be a 'px', 'em', '%', 'mm', 'ex', or 'pt' value.
2023-09-20 14:45:54,132 WARN  [com.gar.htm.jav.hos.css.CSSStyleSheet] (main) CSSValue '0' has to be a 'px', 'em', '%', 'mm', 'ex', or 'pt' value.
2023-09-20 14:45:54,132 WARN  [com.gar.htm.jav.hos.css.CSSStyleSheet] (main) CSSValue '0' has to be a 'px', 'em', '%', 'mm', 'ex', or 'pt' value.
2023-09-20 14:45:54,132 WARN  [com.gar.htm.jav.hos.css.CSSStyleSheet] (main) CSSValue '0' has to be a 'px', 'em', '%', 'mm', 'ex', or 'pt' value.
2023-09-20 14:45:54,133 WARN  [com.gar.htm.jav.hos.css.CSSStyleSheet] (main) CSSValue '0' has to be a 'px', 'em', '%', 'mm', 'ex', or 'pt' value.
2023-09-20 14:45:54,133 WARN  [com.gar.htm.jav.hos.css.CSSStyleSheet] (main) CSSValue '0' has to be a 'px', 'em', '%', 'mm', 'ex', or 'pt' value.
2023-09-20 14:45:54,133 WARN  [com.gar.htm.jav.hos.css.CSSStyleSheet] (main) CSSValue '0' has to be a 'px', 'em', '%', 'mm', 'ex', or 'pt' value.
2023-09-20 14:45:54,134 WARN  [com.gar.htm.jav.hos.css.CSSStyleSheet] (main) CSSValue '0' has to be a 'px', 'em', '%', 'mm', 'ex', or 'pt' value.
2023-09-20 14:45:54,134 WARN  [com.gar.htm.jav.hos.css.CSSStyleSheet] (main) CSSValue '0' has to be a 'px', 'em', '%', 'mm', 'ex', or 'pt' value.
2023-09-20 14:45:54,134 WARN  [com.gar.htm.jav.hos.css.CSSStyleSheet] (main) CSSValue '0' has to be a 'px', 'em', '%', 'mm', 'ex', or 'pt' value.
2023-09-20 14:45:54,135 WARN  [com.gar.htm.jav.hos.css.CSSStyleSheet] (main) CSSValue '0' has to be a 'px', 'em', '%', 'mm', 'ex', or 'pt' value.
2023-09-20 14:45:54,135 WARN  [com.gar.htm.jav.hos.css.CSSStyleSheet] (main) CSSValue '0' has to be a 'px', 'em', '%', 'mm', 'ex', or 'pt' value.
2023-09-20 14:45:54,135 WARN  [com.gar.htm.jav.hos.css.CSSStyleSheet] (main) CSSValue '0' has to be a 'px', 'em', '%', 'mm', 'ex', or 'pt' value.
2023-09-20 14:45:54,136 WARN  [com.gar.htm.jav.hos.css.CSSStyleSheet] (main) CSSValue '0' has to be a 'px', 'em', '%', 'mm', 'ex', or 'pt' value.
2023-09-20 14:45:54,136 WARN  [com.gar.htm.jav.hos.css.CSSStyleSheet] (main) CSSValue '0' has to be a 'px', 'em', '%', 'mm', 'ex', or 'pt' value.
2023-09-20 14:45:54,136 WARN  [com.gar.htm.jav.hos.css.CSSStyleSheet] (main) CSSValue '0' has to be a 'px', 'em', '%', 'mm', 'ex', or 'pt' value.
2023-09-20 14:45:54,137 WARN  [com.gar.htm.jav.hos.css.CSSStyleSheet] (main) CSSValue '0' has to be a 'px', 'em', '%', 'mm', 'ex', or 'pt' value.
2023-09-20 14:45:54,137 WARN  [com.gar.htm.jav.hos.css.CSSStyleSheet] (main) CSSValue '0' has to be a 'px', 'em', '%', 'mm', 'ex', or 'pt' value.
2023-09-20 14:45:54,137 WARN  [com.gar.htm.jav.hos.css.CSSStyleSheet] (main) CSSValue '0' has to be a 'px', 'em', '%', 'mm', 'ex', or 'pt' value.
2023-09-20 14:45:54,138 WARN  [com.gar.htm.jav.hos.css.CSSStyleSheet] (main) CSSValue '0' has to be a 'px', 'em', '%', 'mm', 'ex', or 'pt' value.
2023-09-20 14:45:54,138 WARN  [com.gar.htm.jav.hos.css.CSSStyleSheet] (main) CSSValue '0' has to be a 'px', 'em', '%', 'mm', 'ex', or 'pt' value.
2023-09-20 14:45:54,138 WARN  [com.gar.htm.jav.hos.css.CSSStyleSheet] (main) CSSValue '0' has to be a 'px', 'em', '%', 'mm', 'ex', or 'pt' value.
2023-09-20 14:45:54,139 WARN  [com.gar.htm.jav.hos.css.CSSStyleSheet] (main) CSSValue '0' has to be a 'px', 'em', '%', 'mm', 'ex', or 'pt' value.
2023-09-20 14:45:54,139 WARN  [com.gar.htm.jav.hos.css.CSSStyleSheet] (main) CSSValue '0' has to be a 'px', 'em', '%', 'mm', 'ex', or 'pt' value.
2023-09-20 14:45:54,139 WARN  [com.gar.htm.jav.hos.css.CSSStyleSheet] (main) CSSValue '0' has to be a 'px', 'em', '%', 'mm', 'ex', or 'pt' value.
2023-09-20 14:45:54,140 WARN  [com.gar.htm.jav.hos.css.CSSStyleSheet] (main) CSSValue '0' has to be a 'px', 'em', '%', 'mm', 'ex', or 'pt' value.
2023-09-20 14:45:54,140 WARN  [com.gar.htm.jav.hos.css.CSSStyleSheet] (main) CSSValue '0' has to be a 'px', 'em', '%', 'mm', 'ex', or 'pt' value.
2023-09-20 14:45:54,140 WARN  [com.gar.htm.jav.hos.css.CSSStyleSheet] (main) CSSValue '0' has to be a 'px', 'em', '%', 'mm', 'ex', or 'pt' value.
2023-09-20 14:45:54,141 WARN  [com.gar.htm.jav.hos.css.CSSStyleSheet] (main) CSSValue '0' has to be a 'px', 'em', '%', 'mm', 'ex', or 'pt' value.
2023-09-20 14:45:54,141 WARN  [com.gar.htm.jav.hos.css.CSSStyleSheet] (main) CSSValue '0' has to be a 'px', 'em', '%', 'mm', 'ex', or 'pt' value.
2023-09-20 14:45:54,141 WARN  [com.gar.htm.jav.hos.css.CSSStyleSheet] (main) CSSValue '0' has to be a 'px', 'em', '%', 'mm', 'ex', or 'pt' value.
2023-09-20 14:45:54,142 WARN  [com.gar.htm.jav.hos.css.CSSStyleSheet] (main) CSSValue '0' has to be a 'px', 'em', '%', 'mm', 'ex', or 'pt' value.
2023-09-20 14:45:54,142 WARN  [com.gar.htm.jav.hos.css.CSSStyleSheet] (main) CSSValue '0' has to be a 'px', 'em', '%', 'mm', 'ex', or 'pt' value.
2023-09-20 14:45:54,142 WARN  [com.gar.htm.jav.hos.css.CSSStyleSheet] (main) CSSValue '0' has to be a 'px', 'em', '%', 'mm', 'ex', or 'pt' value.
2023-09-20 14:45:54,143 WARN  [com.gar.htm.jav.hos.css.CSSStyleSheet] (main) CSSValue '0' has to be a 'px', 'em', '%', 'mm', 'ex', or 'pt' value.
2023-09-20 14:45:54,143 WARN  [com.gar.htm.jav.hos.css.CSSStyleSheet] (main) CSSValue '0' has to be a 'px', 'em', '%', 'mm', 'ex', or 'pt' value.
2023-09-20 14:45:54,143 WARN  [com.gar.htm.jav.hos.css.CSSStyleSheet] (main) CSSValue '0' has to be a 'px', 'em', '%', 'mm', 'ex', or 'pt' value.
2023-09-20 14:45:54,144 WARN  [com.gar.htm.jav.hos.css.CSSStyleSheet] (main) CSSValue '0' has to be a 'px', 'em', '%', 'mm', 'ex', or 'pt' value.
2023-09-20 14:45:54,144 WARN  [com.gar.htm.jav.hos.css.CSSStyleSheet] (main) CSSValue '0' has to be a 'px', 'em', '%', 'mm', 'ex', or 'pt' value.
2023-09-20 14:45:54,144 WARN  [com.gar.htm.jav.hos.css.CSSStyleSheet] (main) CSSValue '0' has to be a 'px', 'em', '%', 'mm', 'ex', or 'pt' value.
2023-09-20 14:45:54,145 WARN  [com.gar.htm.jav.hos.css.CSSStyleSheet] (main) CSSValue '0' has to be a 'px', 'em', '%', 'mm', 'ex', or 'pt' value.
2023-09-20 14:45:54,145 WARN  [com.gar.htm.jav.hos.css.CSSStyleSheet] (main) CSSValue '0' has to be a 'px', 'em', '%', 'mm', 'ex', or 'pt' value.
2023-09-20 14:45:54,145 WARN  [com.gar.htm.jav.hos.css.CSSStyleSheet] (main) CSSValue '0' has to be a 'px', 'em', '%', 'mm', 'ex', or 'pt' value.
2023-09-20 14:45:54,147 WARN  [com.gar.htm.jav.hos.css.CSSStyleSheet] (main) CSSValue '0' has to be a 'px', 'em', '%', 'mm', 'ex', or 'pt' value.
2023-09-20 14:45:54,147 WARN  [com.gar.htm.jav.hos.css.CSSStyleSheet] (main) CSSValue '0' has to be a 'px', 'em', '%', 'mm', 'ex', or 'pt' value.
2023-09-20 14:45:54,147 WARN  [com.gar.htm.jav.hos.css.CSSStyleSheet] (main) CSSValue '0' has to be a 'px', 'em', '%', 'mm', 'ex', or 'pt' value.
]]></system-out>
  </testcase>
</testsuite>