<?xml version="1.0" encoding="UTF-8"?>
<testsuite xmlns:xsi="http://www.w3.org/2001/XMLSchema-instance" xsi:noNamespaceSchemaLocation="https://maven.apache.org/surefire/maven-surefire-plugin/xsd/surefire-test-report-3.0.xsd" version="3.0" name="org.acme.security.keycloak.authorization.PolicyEnforcerTest" time="28.652" tests="3" errors="0" skipped="0" failures="0">
  <properties>
[...]
</properties>
  <testcase name="testPublicResource" classname="org.acme.security.keycloak.authorization.PolicyEnforcerTest" time="0.317">
    <system-out><![CDATA[Downloading from central: https://repo1.maven.org/maven2/io/quarkus/quarkus-keycloak-authorization-deployment/3.3.3/quarkus-keycloak-authorization-deployment-3.3.3.pom
Progress (1): quarkus-keycloak-authorization-deployment-3.3.3.pom (1.4/3.2 kB)Progress (1): quarkus-keycloak-authorization-deployment-3.3.3.pom (2.7/3.2 kB)Progress (1): quarkus-keycloak-authorization-deployment-3.3.3.pom (3.2 kB)                                                                              Downloaded from central: https://repo1.maven.org/maven2/io/quarkus/quarkus-keycloak-authorization-deployment/3.3.3/quarkus-keycloak-authorization-deployment-3.3.3.pom (3.2 kB at 8.2 kB/s)
Downloading from central: https://repo1.maven.org/maven2/io/quarkus/quarkus-apache-httpclient-deployment/3.3.3/quarkus-apache-httpclient-deployment-3.3.3.pom
Progress (1): quarkus-apache-httpclient-deployment-3.3.3.pom (1.4/1.5 kB)Progress (1): quarkus-apache-httpclient-deployment-3.3.3.pom (1.5 kB)                                                                         Downloaded from central: https://repo1.maven.org/maven2/io/quarkus/quarkus-apache-httpclient-deployment/3.3.3/quarkus-apache-httpclient-deployment-3.3.3.pom (1.5 kB at 69 kB/s)
Downloading from central: https://repo1.maven.org/maven2/io/quarkus/quarkus-apache-httpclient-deployment/3.3.3/quarkus-apache-httpclient-deployment-3.3.3.jar
Progress (1): quarkus-apache-httpclient-deployment-3.3.3.jar (1.4/4.7 kB)Progress (1): quarkus-apache-httpclient-deployment-3.3.3.jar (2.7/4.7 kB)Progress (1): quarkus-apache-httpclient-deployment-3.3.3.jar (4.1/4.7 kB)Progress (1): quarkus-apache-httpclient-deployment-3.3.3.jar (4.7 kB)                                                                         Downloaded from central: https://repo1.maven.org/maven2/io/quarkus/quarkus-apache-httpclient-deployment/3.3.3/quarkus-apache-httpclient-deployment-3.3.3.jar (4.7 kB at 212 kB/s)
Downloading from central: https://repo1.maven.org/maven2/io/quarkus/quarkus-keycloak-authorization-deployment/3.3.3/quarkus-keycloak-authorization-deployment-3.3.3.jar
Progress (1): quarkus-keycloak-authorization-deployment-3.3.3.jar (1.4/9.6 kB)Progress (1): quarkus-keycloak-authorization-deployment-3.3.3.jar (2.7/9.6 kB)Progress (1): quarkus-keycloak-authorization-deployment-3.3.3.jar (4.1/9.6 kB)Progress (1): quarkus-keycloak-authorization-deployment-3.3.3.jar (5.5/9.6 kB)Progress (1): quarkus-keycloak-authorization-deployment-3.3.3.jar (6.9/9.6 kB)Progress (1): quarkus-keycloak-authorization-deployment-3.3.3.jar (8.2/9.6 kB)Progress (1): quarkus-keycloak-authorization-deployment-3.3.3.jar (9.6/9.6 kB)Progress (1): quarkus-keycloak-authorization-deployment-3.3.3.jar (9.6 kB)                                                                              Downloaded from central: https://repo1.maven.org/maven2/io/quarkus/quarkus-keycloak-authorization-deployment/3.3.3/quarkus-keycloak-authorization-deployment-3.3.3.jar (9.6 kB at 419 kB/s)
2023-09-20 11:23:07,322 INFO  [org.tes.doc.DockerClientProviderStrategy] (build-15) Loaded org.testcontainers.dockerclient.UnixSocketClientProviderStrategy from ~/.testcontainers.properties, will try it first
2023-09-20 11:23:07,434 INFO  [org.tes.doc.DockerClientProviderStrategy] (build-15) Found Docker environment with local Unix socket (unix:///var/run/docker.sock)
2023-09-20 11:23:07,435 INFO  [org.tes.DockerClientFactory] (build-15) Docker host IP address is localhost
2023-09-20 11:23:07,447 INFO  [org.tes.DockerClientFactory] (build-15) Connected to docker: 
  Server Version: 24.0.6
  API Version: 1.43
  Operating System: Docker Desktop
  Total Memory: 8944 MB
2023-09-20 11:23:07,455 INFO  [org.tes.uti.ImageNameSubstitutor] (build-15) Image name substitution will be performed by: DefaultImageNameSubstitutor (composite of 'ConfigurationFileImageNameSubstitutor' and 'PrefixingImageNameSubstitutor')
2023-09-20 11:23:07,457 INFO  [org.tes.DockerClientFactory] (build-15) Checking the system...
2023-09-20 11:23:07,457 INFO  [org.tes.DockerClientFactory] (build-15) ✔︎ Docker server version should be at least 1.6.0
2023-09-20 11:23:07,602 INFO  [io.qua.oid.dep.dev.key.KeycloakDevServicesProcessor] (build-15) Using Quarkus powered Keycloak distribution
2023-09-20 11:23:07,631 INFO  [tc.qua.io/.0.1] (build-15) Pulling docker image: quay.io/keycloak/keycloak:22.0.1. Please be patient; this may take some time but only needs to be done once.
2023-09-20 11:23:08,176 INFO  [org.tes.uti.RegistryAuthLocator] (build-15) Credential helper/store (docker-credential-desktop) does not have credentials for quay.io
2023-09-20 11:23:10,309 INFO  [tc.qua.io/.0.1] (docker-java-stream--149545091) Starting to pull image
2023-09-20 11:23:10,318 INFO  [tc.qua.io/.0.1] (docker-java-stream--149545091) Pulling image layers:  0 pending,  0 downloaded,  0 extracted, (0 bytes/0 bytes)
2023-09-20 11:23:11,936 INFO  [tc.qua.io/.0.1] (docker-java-stream--149545091) Pulling image layers:  3 pending,  1 downloaded,  0 extracted, (2 MB/? MB)
2023-09-20 11:23:12,549 INFO  [tc.qua.io/.0.1] (docker-java-stream--149545091) Pulling image layers:  3 pending,  1 downloaded,  1 extracted, (28 MB/? MB)
2023-09-20 11:23:12,758 INFO  [tc.qua.io/.0.1] (docker-java-stream--149545091) Pulling image layers:  2 pending,  2 downloaded,  1 extracted, (46 MB/? MB)
2023-09-20 11:23:13,865 INFO  [tc.qua.io/.0.1] (docker-java-stream--149545091) Pulling image layers:  1 pending,  3 downloaded,  1 extracted, (123 MB/? MB)
2023-09-20 11:23:15,531 INFO  [tc.qua.io/.0.1] (docker-java-stream--149545091) Pulling image layers:  1 pending,  3 downloaded,  2 extracted, (225 MB/? MB)
2023-09-20 11:23:15,853 INFO  [tc.qua.io/.0.1] (docker-java-stream--149545091) Pulling image layers:  0 pending,  4 downloaded,  2 extracted, (240 MB/247 MB)
2023-09-20 11:23:16,985 INFO  [tc.qua.io/.0.1] (docker-java-stream--149545091) Pulling image layers:  0 pending,  4 downloaded,  3 extracted, (247 MB/247 MB)
2023-09-20 11:23:16,992 INFO  [tc.qua.io/.0.1] (docker-java-stream--149545091) Pulling image layers:  0 pending,  4 downloaded,  4 extracted, (247 MB/247 MB)
2023-09-20 11:23:17,017 INFO  [tc.qua.io/.0.1] (docker-java-stream--149545091) Pull complete. 4 layers, pulled in 6s (downloaded 247 MB at 41 MB/s)
2023-09-20 11:23:17,081 INFO  [tc.qua.io/.0.1] (build-15) Creating container for image: quay.io/keycloak/keycloak:22.0.1
2023-09-20 11:23:17,089 INFO  [tc.tes.5.1] (build-15) Creating container for image: testcontainers/ryuk:0.5.1
2023-09-20 11:23:17,388 INFO  [org.tes.uti.RegistryAuthLocator] (build-15) Credential helper/store (docker-credential-desktop) does not have credentials for https://index.docker.io/v1/
2023-09-20 11:23:17,850 INFO  [tc.tes.5.1] (build-15) Container testcontainers/ryuk:0.5.1 is starting: 7e91c7243c251b85a54d68f489e66be2437b0965bca80efa1e33e7c767270b01
2023-09-20 11:23:18,199 INFO  [tc.tes.5.1] (build-15) Container testcontainers/ryuk:0.5.1 started in PT1.110603S
2023-09-20 11:23:18,338 INFO  [tc.qua.io/.0.1] (build-15) Container quay.io/keycloak/keycloak:22.0.1 is starting: 8b3026ae52682b58cc28f552fe473054bfef3f8c3fdaf06b619004d7fbadbf05
2023-09-20 11:23:29,116 INFO  [tc.qua.io/.0.1] (build-15) Container quay.io/keycloak/keycloak:22.0.1 started in PT21.512873S
2023-09-20 11:23:29,969 INFO  [io.qua.oid.dep.dev.key.KeycloakDevServicesProcessor] (build-15) Dev Services for Keycloak started.
2023-09-20 11:23:30,576 INFO  [org.key.ada.aut.PolicyEnforcer] (main) No path provided in configuration.
2023-09-20 11:23:30,576 INFO  [org.key.ada.aut.PolicyEnforcer] (main) Querying the server for all resources associated with this application.
2023-09-20 11:23:30,908 INFO  [io.quarkus] (main) security-keycloak-authorization-quickstart 1.0.0-SNAPSHOT on JVM (powered by Quarkus 3.3.3) started in 24.478s. Listening on: http://localhost:8081
2023-09-20 11:23:30,908 INFO  [io.quarkus] (main) Profile test activated. 
2023-09-20 11:23:30,908 INFO  [io.quarkus] (main) Installed features: [cdi, keycloak-authorization, oidc, resteasy-reactive, resteasy-reactive-jackson, security, smallrye-context-propagation, vertx]
]]></system-out>
  </testcase>
  <testcase name="testAccessUserResource" classname="org.acme.security.keycloak.authorization.PolicyEnforcerTest" time="0.312"/>
  <testcase name="testAccessAdminResource" classname="org.acme.security.keycloak.authorization.PolicyEnforcerTest" time="0.234"/>
</testsuite>